This is XeTeX, Version 3.14159265-2.6-0.999991 (TeX Live 2019) (preloaded format=xelatex 2019.5.8)  10 MAY 2021 20:39
entering extended mode
 restricted \write18 enabled.
 file:line:error style messages enabled.
 %&-line parsing enabled.
**/Users/katherinekemp/Desktop/Schoolwork/College/FORMULA/Latex/mainthesis.tex
(/Users/katherinekemp/Desktop/Schoolwork/College/FORMULA/Latex/mainthesis.tex
LaTeX2e <2018-12-01>
(/Users/katherinekemp/Desktop/Schoolwork/College/FORMULA/Latex/thesis.cls
Document Class: thesis 2006/04/26 v0.1
(/usr/local/texlive/2019/texmf-dist/tex/latex/base/size12.clo
File: size12.clo 2018/09/03 v1.4i Standard LaTeX file (size option)
)
\c@part=\count80
\c@chapter=\count81
\c@section=\count82
\c@subsection=\count83
\c@subsubsection=\count84
\c@paragraph=\count85
\c@subparagraph=\count86
\c@figure=\count87
\c@table=\count88
\abovecaptionskip=\skip41
\belowcaptionskip=\skip42
\bibindent=\dimen102
) (/Users/katherinekemp/Desktop/Schoolwork/College/FORMULA/Latex/titlesec.sty
Package: titlesec 2011/12/15 v2.10.0 Sectioning titles
\ttl@box=\box27
\beforetitleunit=\skip43
\aftertitleunit=\skip44
\ttl@plus=\dimen103
\ttl@minus=\dimen104
\ttl@toksa=\toks14
\titlewidth=\dimen105
\titlewidthlast=\dimen106
\titlewidthfirst=\dimen107
) (/usr/local/texlive/2019/texmf-dist/tex/latex/graphics/graphicx.sty
Package: graphicx 2017/06/01 v1.1a Enhanced LaTeX Graphics (DPC,SPQR)
 (/usr/local/texlive/2019/texmf-dist/tex/latex/graphics/keyval.sty
Package: keyval 2014/10/28 v1.15 key=value parser (DPC)
\KV@toks@=\toks15
) (/usr/local/texlive/2019/texmf-dist/tex/latex/graphics/graphics.sty
Package: graphics 2017/06/25 v1.2c Standard LaTeX Graphics (DPC,SPQR)
 (/usr/local/texlive/2019/texmf-dist/tex/latex/graphics/trig.sty
Package: trig 2016/01/03 v1.10 sin cos tan (DPC)
) (/usr/local/texlive/2019/texmf-dist/tex/latex/graphics-cfg/graphics.cfg
File: graphics.cfg 2016/06/04 v1.11 sample graphics configuration
)
Package graphics Info: Driver file: xetex.def on input line 99.
 (/usr/local/texlive/2019/texmf-dist/tex/latex/graphics-def/xetex.def
File: xetex.def 2017/06/24 v5.0h Graphics/color driver for xetex
))
\Gin@req@height=\dimen108
\Gin@req@width=\dimen109
) (/Users/katherinekemp/Desktop/Schoolwork/College/FORMULA/Latex/cite.sty
LaTeX Info: Redefining \cite on input line 302.
LaTeX Info: Redefining \nocite on input line 373.
Package: cite 2010/09/10  v 5.3
) (/Users/katherinekemp/Desktop/Schoolwork/College/FORMULA/Latex/lscape.sty
Package: lscape 2000/10/22 v3.01 Landscape Pages (DPC)
) (/Users/katherinekemp/Desktop/Schoolwork/College/FORMULA/Latex/indentfirst.sty
Package: indentfirst 1995/11/23 v1.03 Indent first paragraph (DPC)
) (/Users/katherinekemp/Desktop/Schoolwork/College/FORMULA/Latex/latexsym.sty
Package: latexsym 1998/08/17 v2.2e Standard LaTeX package (lasy symbols)
\symlasy=\mathgroup4
LaTeX Font Info:    Overwriting symbol font `lasy' in version `bold'
(Font)                  U/lasy/m/n --> U/lasy/b/n on input line 42.
) (/Users/katherinekemp/Desktop/Schoolwork/College/FORMULA/Latex/multirow.sty
\bigstrutjot=\dimen110
) (/usr/local/texlive/2019/texmf-dist/tex/latex/oberdiek/epstopdf.sty
Package: epstopdf 2016/05/15 v2.6 Conversion with epstopdf on the fly (HO)
 (/usr/local/texlive/2019/texmf-dist/tex/latex/oberdiek/epstopdf-base.sty
Package: epstopdf-base 2016/05/15 v2.6 Base part for package epstopdf
 (/usr/local/texlive/2019/texmf-dist/tex/generic/oberdiek/infwarerr.sty
Package: infwarerr 2016/05/16 v1.4 Providing info/warning/error messages (HO)
) (/usr/local/texlive/2019/texmf-dist/tex/latex/oberdiek/grfext.sty
Package: grfext 2016/05/16 v1.2 Manage graphics extensions (HO)
 (/usr/local/texlive/2019/texmf-dist/tex/generic/oberdiek/kvdefinekeys.sty
Package: kvdefinekeys 2016/05/16 v1.4 Define keys (HO)
 (/usr/local/texlive/2019/texmf-dist/tex/generic/oberdiek/ltxcmds.sty
Package: ltxcmds 2016/05/16 v1.23 LaTeX kernel commands for general use (HO)
))) (/usr/local/texlive/2019/texmf-dist/tex/latex/oberdiek/kvoptions.sty
Package: kvoptions 2016/05/16 v3.12 Key value format for package options (HO)
 (/usr/local/texlive/2019/texmf-dist/tex/generic/oberdiek/kvsetkeys.sty
Package: kvsetkeys 2016/05/16 v1.17 Key value parser (HO)
 (/usr/local/texlive/2019/texmf-dist/tex/generic/oberdiek/etexcmds.sty
Package: etexcmds 2016/05/16 v1.6 Avoid name clashes with e-TeX commands (HO)
 (/usr/local/texlive/2019/texmf-dist/tex/generic/oberdiek/ifluatex.sty
Package: ifluatex 2016/05/16 v1.4 Provides the ifluatex switch (HO)
Package ifluatex Info: LuaTeX not detected.
)))) (/usr/local/texlive/2019/texmf-dist/tex/generic/oberdiek/pdftexcmds.sty
Package: pdftexcmds 2018/09/10 v0.29 Utility functions of pdfTeX for LuaTeX (HO)
 (/usr/local/texlive/2019/texmf-dist/tex/generic/oberdiek/ifpdf.sty
Package: ifpdf 2018/09/07 v3.3 Provides the ifpdf switch
)
Package pdftexcmds Info: LuaTeX not detected.
Package pdftexcmds Info: pdfTeX >= 1.30 not detected.
Package pdftexcmds Info: \pdf@primitive is available.
Package pdftexcmds Info: \pdf@ifprimitive is available.
Package pdftexcmds Info: \pdfdraftmode not found.
)

Package epstopdf Warning: Drivers other than `pdftex' and `luatex' are not supported.

)) (/Users/katherinekemp/Desktop/Schoolwork/College/FORMULA/Latex/tabls.sty
\tablinesep=\dimen111
\arraylinesep=\dimen112
\extrarulesep=\dimen113
\@arstdepth=\dimen114
\@arstheight=\dimen115
\@skip@bove=\dimen116
) (/usr/local/texlive/2019/texmf-dist/tex/latex/wrapfig/wrapfig.sty
\wrapoverhang=\dimen117
\WF@size=\dimen118
\c@WF@wrappedlines=\count89
\WF@box=\box28
\WF@everypar=\toks16
Package: wrapfig 2003/01/31  v 3.6
) (/Users/katherinekemp/Desktop/Schoolwork/College/FORMULA/Latex/slashbox.sty
slashbox style by K.Yasuoka, May 1993.
\@slashboxa=\box29
\@slashboxb=\box30
\@slashboxc=\box31
\@slashboxwd=\count90
\@slashboxht=\count91
\@slashsepl=\dimen119
\@slashsepr=\dimen120
) (/usr/local/texlive/2019/texmf-dist/tex/latex/subeqn/subeqn.sty
Package: subeqn 2004/04/15 v2.0b subnumbering of equations
) (/Users/katherinekemp/Desktop/Schoolwork/College/FORMULA/Latex/floatrow.sty
Package: floatrow 2008/08/02 v0.3b floatrow: float package extension
 (/Users/katherinekemp/Desktop/Schoolwork/College/FORMULA/Latex/caption3.sty
Package: caption3 2008/03/20 v3.1h caption3 kernel (AR)
\captionmargin=\dimen121
\captionmargin@=\dimen122
\captionwidth=\dimen123
\caption@indent=\dimen124
\caption@parindent=\dimen125
\caption@hangindent=\dimen126
)
\c@float@type=\count92
\float@exts=\toks17
\float@box=\box32
\@floatcapt=\box33
Package floatrow Info: Modified float package code loaded on input line 455.
Package floatrow Info: Modified rotfloat package code loaded on input line 473.
\FR@everyfloat=\toks18
\flrow@foot=\insert199
\FB@wd=\dimen127
\FBo@wd=\dimen128
\FBc@wd=\dimen129
\FBo@ht=\skip45
\FBc@ht=\skip46
\FBf@ht=\skip47
\FBo@max=\skip48
\FBc@max=\skip49
\FBf@max=\skip50
\c@FBl@b=\count93
\floatbox@depth=\count94
\c@FRobj=\count95
\c@FRsobj=\count96
\Xhsize=\skip51
\sXhsize=\skip52
\Zhsize=\skip53
\sZhsize=\skip54
\flrow@rowbox=\box34
\FR@Zunitlength=\dimen130
\c@FBcnt=\count97
\FPOScnt=\count98
\LTleft=\skip55
\LTright=\skip56
\LTleft=\skip57
\LTright=\skip58
\flrow@types=\toks19
) (/Users/katherinekemp/Desktop/Schoolwork/College/FORMULA/Latex/longtable.sty
Package: longtable 2004/02/01 v4.11 Multi-page Table package (DPC)
\LTleft=\skip59
\LTright=\skip60
\LTpre=\skip61
\LTpost=\skip62
\LTchunksize=\count99
\LTcapwidth=\dimen131
\LT@head=\box35
\LT@firsthead=\box36
\LT@foot=\box37
\LT@lastfoot=\box38
\LT@cols=\count100
\LT@rows=\count101
\c@LT@tables=\count102
\c@LT@chunks=\count103
\LT@p@ftn=\toks20
) (/Users/katherinekemp/Desktop/Schoolwork/College/FORMULA/Latex/supertabular.sty
Package: supertabular 2004/02/20 v4.1e the supertabular environment
\c@tracingst=\count104
\ST@wd=\dimen132
\ST@rightskip=\skip63
\ST@leftskip=\skip64
\ST@parfillskip=\skip65
\ST@pageleft=\dimen133
\ST@headht=\dimen134
\ST@tailht=\dimen135
\ST@pagesofar=\dimen136
\ST@pboxht=\dimen137
\ST@lineht=\dimen138
\ST@stretchht=\dimen139
\ST@prevht=\dimen140
\ST@toadd=\dimen141
\ST@dimen=\dimen142
\ST@pbox=\box39
) (/Users/katherinekemp/Desktop/Schoolwork/College/FORMULA/Latex/xcolor.sty
Package: xcolor 2004/07/04 v2.00 LaTeX color extensions (UK)
 (/usr/local/texlive/2019/texmf-dist/tex/latex/graphics-cfg/color.cfg
File: color.cfg 2016/01/02 v1.6 sample color configuration
)
Package xcolor Info: Driver file: xetex.def on input line 136.
 (/usr/local/texlive/2019/texmf-dist/tex/latex/colortbl/colortbl.sty
Package: colortbl 2018/12/12 v1.0d Color table columns (DPC)
 (/usr/local/texlive/2019/texmf-dist/tex/latex/tools/array.sty
Package: array 2018/12/30 v2.4k Tabular extension package (FMi)
\col@sep=\dimen143
\ar@mcellbox=\box40
\extrarowheight=\dimen144
\NC@list=\toks21
\extratabsurround=\skip66
\backup@length=\skip67


LaTeX Warning: Command \@xhline  has changed.
               Check if current package is valid.

\ar@cellbox=\box41
)
\everycr=\toks22
\minrowclearance=\skip68
)
Package xcolor Info: Color model `cmy' added on input line 972.
Package xcolor Info: Color model `HTML' added on input line 1000.
Package xcolor Info: Color model `HSB' added on input line 1006.
Package xcolor Info: Color model `Gray' added on input line 1012.
) (/Users/katherinekemp/Desktop/Schoolwork/College/FORMULA/Latex/setspace.sty
Package: setspace 2011/12/19 v6.7a set line spacing
) (/usr/local/texlive/2019/texmf-dist/tex/latex/natbib/natbib.sty
Package: natbib 2010/09/13 8.31b (PWD, AO)


Package natbib Warning: The `cite' package should not be used
(natbib)                with natbib. Use option `sort' instead.

\bibhang=\skip69
\bibsep=\skip70
LaTeX Info: Redefining \cite on input line 694.
LaTeX Info: Redefining \citenum on input line 708.
\c@NAT@ctr=\count105
) (/usr/local/texlive/2019/texmf-dist/tex/latex/hyperref/hyperref.sty
Package: hyperref 2018/11/30 v6.88e Hypertext links for LaTeX
 (/usr/local/texlive/2019/texmf-dist/tex/generic/oberdiek/hobsub-hyperref.sty
Package: hobsub-hyperref 2016/05/16 v1.14 Bundle oberdiek, subset hyperref (HO)
 (/usr/local/texlive/2019/texmf-dist/tex/generic/oberdiek/hobsub-generic.sty
Package: hobsub-generic 2016/05/16 v1.14 Bundle oberdiek, subset generic (HO)
Package: hobsub 2016/05/16 v1.14 Construct package bundles (HO)
Package hobsub Info: Skipping package `infwarerr' (already loaded).
Package hobsub Info: Skipping package `ltxcmds' (already loaded).
Package hobsub Info: Skipping package `ifluatex' (already loaded).
Package: ifvtex 2016/05/16 v1.6 Detect VTeX and its facilities (HO)
Package ifvtex Info: VTeX not detected.
Package: intcalc 2016/05/16 v1.2 Expandable calculations with integers (HO)
Package hobsub Info: Skipping package `ifpdf' (already loaded).
Package hobsub Info: Skipping package `etexcmds' (already loaded).
Package hobsub Info: Skipping package `kvsetkeys' (already loaded).
Package hobsub Info: Skipping package `kvdefinekeys' (already loaded).
Package hobsub Info: Skipping package `pdftexcmds' (already loaded).
Package: pdfescape 2016/05/16 v1.14 Implements pdfTeX's escape features (HO)
Package: bigintcalc 2016/05/16 v1.4 Expandable calculations on big integers (HO)
Package: bitset 2016/05/16 v1.2 Handle bit-vector datatype (HO)
Package: uniquecounter 2016/05/16 v1.3 Provide unlimited unique counter (HO)
)
Package hobsub Info: Skipping package `hobsub' (already loaded).
Package: letltxmacro 2016/05/16 v1.5 Let assignment for LaTeX macros (HO)
Package: hopatch 2016/05/16 v1.3 Wrapper for package hooks (HO)
Package: xcolor-patch 2016/05/16 xcolor patch
Package: atveryend 2016/05/16 v1.9 Hooks at the very end of document (HO)
Package atveryend Info: \enddocument detected (standard20110627).
Package: atbegshi 2016/06/09 v1.18 At begin shipout hook (HO)
Package: refcount 2016/05/16 v3.5 Data extraction from label references (HO)
Package: hycolor 2016/05/16 v1.8 Color options for hyperref/bookmark (HO)
) (/usr/local/texlive/2019/texmf-dist/tex/generic/ifxetex/ifxetex.sty
Package: ifxetex 2010/09/12 v0.6 Provides ifxetex conditional
) (/usr/local/texlive/2019/texmf-dist/tex/latex/oberdiek/auxhook.sty
Package: auxhook 2016/05/16 v1.4 Hooks for auxiliary files (HO)
)
\@linkdim=\dimen145
\Hy@linkcounter=\count106
\Hy@pagecounter=\count107
 (/usr/local/texlive/2019/texmf-dist/tex/latex/hyperref/pd1enc.def
File: pd1enc.def 2018/11/30 v6.88e Hyperref: PDFDocEncoding definition (HO)
)
\Hy@SavedSpaceFactor=\count108
 (/usr/local/texlive/2019/texmf-dist/tex/latex/latexconfig/hyperref.cfg
File: hyperref.cfg 2002/06/06 v1.2 hyperref configuration of TeXLive
)
Package hyperref Info: Option `colorlinks' set `true' on input line 4393.
Package hyperref Info: Hyper figures OFF on input line 4519.
Package hyperref Info: Link nesting OFF on input line 4524.
Package hyperref Info: Hyper index ON on input line 4527.
Package hyperref Info: Plain pages OFF on input line 4534.
Package hyperref Info: Backreferencing OFF on input line 4539.
Package hyperref Info: Implicit mode ON; LaTeX internals redefined.
Package hyperref Info: Bookmarks ON on input line 4772.
\c@Hy@tempcnt=\count109
 (/Users/katherinekemp/Desktop/Schoolwork/College/FORMULA/Latex/url.sty
\Urlmuskip=\muskip10
Package: url 2013/09/16  ver 3.4  Verb mode for urls, etc.
)
LaTeX Info: Redefining \url on input line 5125.
\XeTeXLinkMargin=\dimen146
\Fld@menulength=\count110
\Field@Width=\dimen147
\Fld@charsize=\dimen148
Package hyperref Info: Hyper figures OFF on input line 6380.
Package hyperref Info: Link nesting OFF on input line 6385.
Package hyperref Info: Hyper index ON on input line 6388.
Package hyperref Info: backreferencing OFF on input line 6395.
Package hyperref Info: Link coloring ON on input line 6398.
Package hyperref Info: Link coloring with OCG OFF on input line 6405.
Package hyperref Info: PDF/A mode OFF on input line 6410.
LaTeX Info: Redefining \ref on input line 6450.
LaTeX Info: Redefining \pageref on input line 6454.
\Hy@abspage=\count111
\c@Item=\count112
\c@Hfootnote=\count113
)
Package hyperref Info: Driver (autodetected): hxetex.
 (/usr/local/texlive/2019/texmf-dist/tex/latex/hyperref/hxetex.def
File: hxetex.def 2018/11/30 v6.88e Hyperref driver for XeTeX
 (/usr/local/texlive/2019/texmf-dist/tex/latex/hyperref/puenc.def
File: puenc.def 2018/11/30 v6.88e Hyperref: PDF Unicode definition (HO)
) (/usr/local/texlive/2019/texmf-dist/tex/generic/oberdiek/stringenc.sty
Package: stringenc 2016/05/16 v1.11 Convert strings between diff. encodings (HO)
)
\pdfm@box=\box42
\c@Hy@AnnotLevel=\count114
\HyField@AnnotCount=\count115
\Fld@listcount=\count116
\c@bookmark@seq@number=\count117
 (/usr/local/texlive/2019/texmf-dist/tex/latex/oberdiek/rerunfilecheck.sty
Package: rerunfilecheck 2016/05/16 v1.8 Rerun checks for auxiliary files (HO)
Package uniquecounter Info: New unique counter `rerunfilecheck' on input line 282.
)
\Hy@SectionHShift=\skip71
) (/Users/katherinekemp/Desktop/Schoolwork/College/FORMULA/Latex/tocloft.sty
Package: tocloft 2003/09/26 v2.3c parameterised ToC, etc., typesetting


Package tocloft Note: The document has chapter divisions.

\cftparskip=\skip72
\cftbeforetoctitleskip=\skip73
\cftaftertoctitleskip=\skip74
\cftbeforepartskip=\skip75
\cftpartnumwidth=\skip76
\cftpartindent=\skip77
\cftbeforechapskip=\skip78
\cftchapindent=\skip79
\cftchapnumwidth=\skip80
\cftbeforesecskip=\skip81
\cftsecindent=\skip82
\cftsecnumwidth=\skip83
\cftbeforesubsecskip=\skip84
\cftsubsecindent=\skip85
\cftsubsecnumwidth=\skip86
\cftbeforesubsubsecskip=\skip87
\cftsubsubsecindent=\skip88
\cftsubsubsecnumwidth=\skip89
\cftbeforeparaskip=\skip90
\cftparaindent=\skip91
\cftparanumwidth=\skip92
\cftbeforesubparaskip=\skip93
\cftsubparaindent=\skip94
\cftsubparanumwidth=\skip95
\cftbeforeloftitleskip=\skip96
\cftafterloftitleskip=\skip97
\cftbeforefigskip=\skip98
\cftfigindent=\skip99
\cftfignumwidth=\skip100
\c@lofdepth=\count118
\c@lotdepth=\count119
\cftbeforelottitleskip=\skip101
\cftafterlottitleskip=\skip102
\cftbeforetabskip=\skip103
\cfttabindent=\skip104
\cfttabnumwidth=\skip105
) (/usr/local/texlive/2019/texmf-dist/tex/latex/tools/calc.sty
Package: calc 2017/05/25 v4.3 Infix arithmetic (KKT,FJ)
\calc@Acount=\count120
\calc@Bcount=\count121
\calc@Adimen=\dimen149
\calc@Bdimen=\dimen150
\calc@Askip=\skip106
\calc@Bskip=\skip107
LaTeX Info: Redefining \setlength on input line 80.
LaTeX Info: Redefining \addtolength on input line 81.
\calc@Ccount=\count122
\calc@Cskip=\skip108
)

LaTeX Warning: Unused global option(s):
    [pdflatex].

(/Users/katherinekemp/Desktop/Schoolwork/College/FORMULA/Latex/mainthesis.aux (/Users/katherinekemp/Desktop/Schoolwork/College/FORMULA/Latex/Abstract.aux) (/Users/katherinekemp/Desktop/Schoolwork/College/FORMULA/Latex/Titlepage.aux) (/Users/katherinekemp/Desktop/Schoolwork/College/FORMULA/Latex/Copyright.aux) (/Users/katherinekemp/Desktop/Schoolwork/College/FORMULA/Latex/Acknowledgements.aux) (/Users/katherinekemp/Desktop/Schoolwork/College/FORMULA/Latex/Abbreviations-supertabular.aux) (/Users/katherinekemp/Desktop/Schoolwork/College/FORMULA/Latex/Chapter1.aux) (/Users/katherinekemp/Desktop/Schoolwork/College/FORMULA/Latex/Chapter2.aux) (/Users/katherinekemp/Desktop/Schoolwork/College/FORMULA/Latex/Chapter3.aux) (/Users/katherinekemp/Desktop/Schoolwork/College/FORMULA/Latex/Chapter4.aux) (/Users/katherinekemp/Desktop/Schoolwork/College/FORMULA/Latex/Chapter5.aux) (/Users/katherinekemp/Desktop/Schoolwork/College/FORMULA/Latex/Chapter6.aux) (/Users/katherinekemp/Desktop/Schoolwork/College/FORMULA/Latex/Chapter7.aux) (/Users/katherinekemp/Desktop/Schoolwork/College/FORMULA/Latex/AppendixA.aux) (/Users/katherinekemp/Desktop/Schoolwork/College/FORMULA/Latex/AppendixB.aux) (/Users/katherinekemp/Desktop/Schoolwork/College/FORMULA/Latex/Glossary-supertabular.aux))
\openout1 = `mainthesis.aux'.

LaTeX Font Info:    Checking defaults for OML/cmm/m/it on input line 71.
LaTeX Font Info:    ... okay on input line 71.
LaTeX Font Info:    Checking defaults for T1/cmr/m/n on input line 71.
LaTeX Font Info:    ... okay on input line 71.
LaTeX Font Info:    Checking defaults for OT1/cmr/m/n on input line 71.
LaTeX Font Info:    ... okay on input line 71.
LaTeX Font Info:    Checking defaults for OMS/cmsy/m/n on input line 71.
LaTeX Font Info:    ... okay on input line 71.
LaTeX Font Info:    Checking defaults for TU/lmr/m/n on input line 71.
LaTeX Font Info:    ... okay on input line 71.
LaTeX Font Info:    Checking defaults for OMX/cmex/m/n on input line 71.
LaTeX Font Info:    ... okay on input line 71.
LaTeX Font Info:    Checking defaults for U/cmr/m/n on input line 71.
LaTeX Font Info:    ... okay on input line 71.
LaTeX Font Info:    Checking defaults for PD1/pdf/m/n on input line 71.
LaTeX Font Info:    ... okay on input line 71.
LaTeX Font Info:    Checking defaults for PU/pdf/m/n on input line 71.
LaTeX Font Info:    ... okay on input line 71.
Package caption Info: Begin \AtBeginDocument code.
Package caption Info: End \AtBeginDocument code.
 (/usr/local/texlive/2019/texmf-dist/tex/latex/floatrow/fr-longtable.sty
Package: fr-longtable 2007/11/28 v0.1b (beta) floatrow: additions for longtable
\flrow@LT@lasthead=\box43
\flrow@LT@prelastfoot=\box44
\c@FBLTpage=\count123
)
\rownum=\count124
\AtBeginShipoutBox=\box45
Package hyperref Info: Link coloring ON on input line 71.
 (/usr/local/texlive/2019/texmf-dist/tex/latex/hyperref/nameref.sty
Package: nameref 2016/05/21 v2.44 Cross-referencing by name of section
 (/usr/local/texlive/2019/texmf-dist/tex/generic/oberdiek/gettitlestring.sty
Package: gettitlestring 2016/05/16 v1.5 Cleanup title references (HO)
)
\c@section@level=\count125
)
LaTeX Info: Redefining \ref on input line 71.
LaTeX Info: Redefining \pageref on input line 71.
LaTeX Info: Redefining \nameref on input line 71.
 (/Users/katherinekemp/Desktop/Schoolwork/College/FORMULA/Latex/mainthesis.out) (/Users/katherinekemp/Desktop/Schoolwork/College/FORMULA/Latex/mainthesis.out)
\@outlinefile=\write3
\openout3 = `mainthesis.out'.

\openout2 = `Abstract.aux'.

 (/Users/katherinekemp/Desktop/Schoolwork/College/FORMULA/Latex/Abstract.tex
LaTeX Font Info:    External font `cmex10' loaded for size
(Font)              <12> on input line 15.
LaTeX Font Info:    External font `cmex10' loaded for size
(Font)              <8> on input line 15.
LaTeX Font Info:    External font `cmex10' loaded for size
(Font)              <6> on input line 15.
LaTeX Font Info:    Try loading font information for U+lasy on input line 15.
 (/usr/local/texlive/2019/texmf-dist/tex/latex/base/ulasy.fd
File: ulasy.fd 1998/08/17 v2.2e LaTeX symbol font definitions
)) (/usr/local/texlive/2019/texmf-dist/tex/generic/oberdiek/se-ascii-print.def
File: se-ascii-print.def 2016/05/16 v1.11 stringenc: Printable ASCII characters
) [1


]
\openout2 = `Titlepage.aux'.

 (/Users/katherinekemp/Desktop/Schoolwork/College/FORMULA/Latex/Titlepage.tex) [2


]
\openout2 = `Copyright.aux'.

 (/Users/katherinekemp/Desktop/Schoolwork/College/FORMULA/Latex/Copyright.tex [3


])
\openout2 = `Acknowledgements.aux'.

 (/Users/katherinekemp/Desktop/Schoolwork/College/FORMULA/Latex/Acknowledgements.tex) [2


] (/Users/katherinekemp/Desktop/Schoolwork/College/FORMULA/Latex/mainthesis.toc [3


]
Overfull \hbox (5.10802pt too wide) detected at line 81
\TU/lmr/m/n/12 Appendix A:  
 []


Overfull \hbox (4.61601pt too wide) detected at line 83
\TU/lmr/m/n/12 Appendix B:  
 []

)
\tf@toc=\write4
\openout4 = `mainthesis.toc'.

 [4] (/Users/katherinekemp/Desktop/Schoolwork/College/FORMULA/Latex/mainthesis.lot)
\tf@lot=\write5
\openout5 = `mainthesis.lot'.

 [5] (/Users/katherinekemp/Desktop/Schoolwork/College/FORMULA/Latex/mainthesis.lof [6])
\tf@lof=\write6
\openout6 = `mainthesis.lof'.

 [7]
\openout2 = `Abbreviations-supertabular.aux'.

 (/Users/katherinekemp/Desktop/Schoolwork/College/FORMULA/Latex/Abbreviations-supertabular.tex) [8

]
\openout2 = `Chapter1.aux'.

 (/Users/katherinekemp/Desktop/Schoolwork/College/FORMULA/Latex/Chapter1.tex
Chapter 1.
[1


] [2]) [3]
\openout2 = `Chapter2.aux'.

 (/Users/katherinekemp/Desktop/Schoolwork/College/FORMULA/Latex/Chapter2.tex
Chapter 2.
[4


] [5] [6] [7]
Missing character: There is no  in font [lmroman12-regular]:mapping=tex-text;!
 [8]
File: fig1.jpg Graphic file (type bmp)
<fig1.jpg>
 [9]
File: fig2.jpg Graphic file (type bmp)
<fig2.jpg>
 [10] [11]
File: fig3.png Graphic file (type bmp)
<fig3.png>
 [12] [13] [14]
File: fig4.jpg Graphic file (type bmp)
<fig4.jpg>
 [15] [16] [17] [18] [19] [20] [21]) [22]
\openout2 = `Chapter3.aux'.

 (/Users/katherinekemp/Desktop/Schoolwork/College/FORMULA/Latex/Chapter3.tex
Chapter 3.
[23


] [24] [25] [26]
Underfull \hbox (badness 5592) in paragraph at lines 94--94
[]|\TU/lmr/m/n/12 [m, m,
 []

[27] [28] [29]
Overfull \hbox (7.35808pt too wide) in paragraph at lines 235--251
 [] 
 []

[30] [31] [32]
Overfull \hbox (7.35808pt too wide) in paragraph at lines 325--334
 [] 
 []

[33] [34] [35] [36]
File: fig5.jpg Graphic file (type bmp)
<fig5.jpg>
 [37]
File: fig6.jpg Graphic file (type bmp)
<fig6.jpg>
 [38]
File: fig7.jpg Graphic file (type bmp)
<fig7.jpg>
 [39] [40]
File: fig8.jpg Graphic file (type bmp)
<fig8.jpg>
 [41] [42] [43] [44] [45]
File: fig9.jpg Graphic file (type bmp)
<fig9.jpg>
File: fig10.jpg Graphic file (type bmp)
<fig10.jpg>
File: fig11.jpg Graphic file (type bmp)
<fig11.jpg>
File: fig12.jpg Graphic file (type bmp)
<fig12.jpg>
 [46] [47] [48]) [49] [50]
\openout2 = `Chapter4.aux'.

 (/Users/katherinekemp/Desktop/Schoolwork/College/FORMULA/Latex/Chapter4.tex
Chapter 4.
[51


] [52]
File: fig13.png Graphic file (type bmp)
<fig13.png>
File: fig14.png Graphic file (type bmp)
<fig14.png>
File: fig15.png Graphic file (type bmp)
<fig15.png>
File: fig16.png Graphic file (type bmp)
<fig16.png>
 [53] [54] [55]
File: fig17.png Graphic file (type bmp)
<fig17.png>
File: fig18.png Graphic file (type bmp)
<fig18.png>
File: fig19.png Graphic file (type bmp)
<fig19.png>
File: fig20.png Graphic file (type bmp)
<fig20.png>
 [56] [57] [58] [59]
File: fig21.png Graphic file (type bmp)
<fig21.png>
File: fig22.png Graphic file (type bmp)
<fig22.png>
File: fig23.png Graphic file (type bmp)
<fig23.png>
File: fig24.png Graphic file (type bmp)
<fig24.png>
File: fig25.png Graphic file (type bmp)
<fig25.png>
File: fig26.png Graphic file (type bmp)
<fig26.png>
File: fig27.png Graphic file (type bmp)
<fig27.png>
File: fig28.png Graphic file (type bmp)
<fig28.png>
File: fig29.png Graphic file (type bmp)
<fig29.png>
 [60] [61] [62] [63] [64] [65] [66] [67] [68] [69] [70]
File: fig30.png Graphic file (type bmp)
<fig30.png>
File: fig31.png Graphic file (type bmp)
<fig31.png>
File: fig32.png Graphic file (type bmp)
<fig32.png>
File: fig33.png Graphic file (type bmp)
<fig33.png>
 [71] [72] [73] [74]
File: fig34.png Graphic file (type bmp)
<fig34.png>
File: fig35.png Graphic file (type bmp)
<fig35.png>
File: fig36.png Graphic file (type bmp)
<fig36.png>
File: fig37.png Graphic file (type bmp)
<fig37.png>
) [75] [76] [77]
\openout2 = `Chapter5.aux'.

 (/Users/katherinekemp/Desktop/Schoolwork/College/FORMULA/Latex/Chapter5.tex
Chapter 5.
[78


] [79] [80] [81] [82]) [83]
\openout2 = `Chapter6.aux'.

 (/Users/katherinekemp/Desktop/Schoolwork/College/FORMULA/Latex/Chapter6.tex
Chapter 6.
[84


]) [85]
\openout2 = `Chapter7.aux'.

 (/Users/katherinekemp/Desktop/Schoolwork/College/FORMULA/Latex/Chapter7.tex
Chapter 7.
) [86


] [87]
\openout2 = `AppendixA.aux'.

 (/Users/katherinekemp/Desktop/Schoolwork/College/FORMULA/Latex/AppendixA.tex
Appendix A.
[88


]) [89]
\openout2 = `AppendixB.aux'.

 (/Users/katherinekemp/Desktop/Schoolwork/College/FORMULA/Latex/AppendixB.tex
Appendix B.
) [90


]
\openout2 = `Glossary-supertabular.aux'.

 (/Users/katherinekemp/Desktop/Schoolwork/College/FORMULA/Latex/Glossary-supertabular.tex
Underfull \hbox (badness 10000) in paragraph at lines 23--23
[]\TU/lmr/m/n/12 Dynamic wire-
 []


Underfull \hbox (badness 3954) in paragraph at lines 25--25
[]\TU/lmr/m/n/12 Electrical resis-
 []


Underfull \hbox (badness 10000) in paragraph at lines 26--26
[]\TU/lmr/m/n/12 Electromagnetic
 []


Underfull \hbox (badness 10000) in paragraph at lines 27--27
[]\TU/lmr/m/n/12 Electromagnetic
 []


Underfull \hbox (badness 10000) in paragraph at lines 28--28
[]\TU/lmr/m/n/12 Electromotive
 []


Underfull \hbox (badness 3735) in paragraph at lines 34--34
[]\TU/lmr/m/n/12 Natural oscilla-
 []

[91


]
Underfull \hbox (badness 10000) in paragraph at lines 38--38
[]\TU/lmr/m/n/12 Resonance
 []


Underfull \hbox (badness 10000) in paragraph at lines 40--40
[]\TU/lmr/m/n/12 Single-phase
 []


Underfull \hbox (badness 10000) in paragraph at lines 40--40
\TU/lmr/m/n/12 full-wave recti-
 []


Underfull \hbox (badness 10000) in paragraph at lines 41--41
[]\TU/lmr/m/n/12 Single-phase
 []


Underfull \hbox (badness 3861) in paragraph at lines 41--41
\TU/lmr/m/n/12 half-wave recti-
 []


Underfull \hbox (badness 5217) in paragraph at lines 45--45
[]\TU/lmr/m/n/12 Wireless Power
 []

) [92] (/Users/katherinekemp/Desktop/Schoolwork/College/FORMULA/Latex/mainthesis.bbl [93

] [94]
Underfull \hbox (badness 1005) in paragraph at lines 203--210
\TU/lmr/m/n/12 Augspurger, Phillip Cloud, gfyoung, Simon Hawkins, Sinhrks, Matthew
 []

[95])
Package atveryend Info: Empty hook `BeforeClearDocument' on input line 133.
 [96]
Package atveryend Info: Empty hook `AfterLastShipout' on input line 133.
 (/Users/katherinekemp/Desktop/Schoolwork/College/FORMULA/Latex/mainthesis.aux (/Users/katherinekemp/Desktop/Schoolwork/College/FORMULA/Latex/Abstract.aux) (/Users/katherinekemp/Desktop/Schoolwork/College/FORMULA/Latex/Titlepage.aux) (/Users/katherinekemp/Desktop/Schoolwork/College/FORMULA/Latex/Copyright.aux) (/Users/katherinekemp/Desktop/Schoolwork/College/FORMULA/Latex/Acknowledgements.aux) (/Users/katherinekemp/Desktop/Schoolwork/College/FORMULA/Latex/Abbreviations-supertabular.aux) (/Users/katherinekemp/Desktop/Schoolwork/College/FORMULA/Latex/Chapter1.aux) (/Users/katherinekemp/Desktop/Schoolwork/College/FORMULA/Latex/Chapter2.aux) (/Users/katherinekemp/Desktop/Schoolwork/College/FORMULA/Latex/Chapter3.aux) (/Users/katherinekemp/Desktop/Schoolwork/College/FORMULA/Latex/Chapter4.aux) (/Users/katherinekemp/Desktop/Schoolwork/College/FORMULA/Latex/Chapter5.aux) (/Users/katherinekemp/Desktop/Schoolwork/College/FORMULA/Latex/Chapter6.aux) (/Users/katherinekemp/Desktop/Schoolwork/College/FORMULA/Latex/Chapter7.aux) (/Users/katherinekemp/Desktop/Schoolwork/College/FORMULA/Latex/AppendixA.aux) (/Users/katherinekemp/Desktop/Schoolwork/College/FORMULA/Latex/AppendixB.aux) (/Users/katherinekemp/Desktop/Schoolwork/College/FORMULA/Latex/Glossary-supertabular.aux))
Package atveryend Info: Empty hook `AtVeryEndDocument' on input line 133.
Package atveryend Info: Executing hook `AtEndAfterFileList' on input line 133.
Package rerunfilecheck Info: File `mainthesis.out' has not changed.
(rerunfilecheck)             Checksum: 29E72DE968D91154BBBFFBB6EED5E93C.
Package atveryend Info: Empty hook `AtVeryVeryEnd' on input line 133.
 )
(\end occurred when \ifx on line 161 was incomplete) 
Here is how much of TeX's memory you used:
 11363 strings out of 492916
 170660 string characters out of 6133346
 272654 words of memory out of 5000000
 15136 multiletter control sequences out of 15000+600000
 7118 words of font info for 35 fonts, out of 8000000 for 9000
 1348 hyphenation exceptions out of 8191
 42i,12n,50p,1373b,553s stack positions out of 5000i,500n,10000p,200000b,80000s

Output written on /Users/katherinekemp/Desktop/Schoolwork/College/FORMULA/Latex/mainthesis.xdv (106 pages, 1231992 bytes).
