\BOOKMARK [0][-]{Doc-Start}{Acknowledgements}{}% 1
\BOOKMARK [0][-]{section*.1}{Table\040of\040Contents}{}% 2
\BOOKMARK [0][-]{section*.1}{List\040of\040Tables}{}% 3
\BOOKMARK [0][-]{section*.1}{List\040of\040Figures}{}% 4
\BOOKMARK [0][-]{section*.1}{List\040of\040Abbreviations}{}% 5
\BOOKMARK [0][-]{chapter.1}{Introduction}{}% 6
\BOOKMARK [0][-]{chapter.2}{Literature\040Review}{}% 7
\BOOKMARK [1][-]{section.2.1}{Statement\040of\040Purpose}{chapter.2}% 8
\BOOKMARK [1][-]{section.2.2}{Background\040on\040EVs}{chapter.2}% 9
\BOOKMARK [1][-]{section.2.3}{Physics}{chapter.2}% 10
\BOOKMARK [2][-]{subsection.2.3.1}{Electric\040Circuits}{section.2.3}% 11
\BOOKMARK [2][-]{subsection.2.3.2}{AC\040and\040DC\040Current}{section.2.3}% 12
\BOOKMARK [2][-]{subsection.2.3.3}{Magnetic\040Fields}{section.2.3}% 13
\BOOKMARK [2][-]{subsection.2.3.4}{Magnetic\040Flux}{section.2.3}% 14
\BOOKMARK [2][-]{subsection.2.3.5}{Electromagnetic\040Induction}{section.2.3}% 15
\BOOKMARK [2][-]{subsection.2.3.6}{AC\040to\040DC\040Current\040Conversion}{section.2.3}% 16
\BOOKMARK [2][-]{subsection.2.3.7}{Magnetic\040Resonance}{section.2.3}% 17
\BOOKMARK [1][-]{section.2.4}{Existing\040Methods}{chapter.2}% 18
\BOOKMARK [2][-]{subsection.2.4.1}{Wireless\040/\040DWPT\040Charging}{section.2.4}% 19
\BOOKMARK [2][-]{subsection.2.4.2}{Stationary\040Wireless\040Charging\040}{section.2.4}% 20
\BOOKMARK [2][-]{subsection.2.4.3}{Dynamic\040Wireless\040Power\040Transfer\040\(DWPT\)}{section.2.4}% 21
\BOOKMARK [2][-]{subsection.2.4.4}{Magnetic\040Resonance\040Coupling}{section.2.4}% 22
\BOOKMARK [1][-]{section.2.5}{Limitations}{chapter.2}% 23
\BOOKMARK [2][-]{subsection.2.5.1}{Safety}{section.2.5}% 24
\BOOKMARK [2][-]{subsection.2.5.2}{Cost\040of\040Implementation}{section.2.5}% 25
\BOOKMARK [1][-]{section.2.6}{Conclusion}{chapter.2}% 26
\BOOKMARK [0][-]{chapter.3}{Methodology}{}% 27
\BOOKMARK [1][-]{section.3.1}{Introduction}{chapter.3}% 28
\BOOKMARK [1][-]{section.3.2}{Hypothesis}{chapter.3}% 29
\BOOKMARK [1][-]{section.3.3}{Simulations}{chapter.3}% 30
\BOOKMARK [2][-]{subsection.3.3.1}{General\040Approach}{section.3.3}% 31
\BOOKMARK [2][-]{subsection.3.3.2}{BSmag_add_filament.m}{section.3.3}% 32
\BOOKMARK [2][-]{subsection.3.3.3}{BSmag_get_B.m}{section.3.3}% 33
\BOOKMARK [2][-]{subsection.3.3.4}{get_field.m}{section.3.3}% 34
\BOOKMARK [2][-]{subsection.3.3.5}{get_flux.m}{section.3.3}% 35
\BOOKMARK [2][-]{subsection.3.3.6}{main.m}{section.3.3}% 36
\BOOKMARK [2][-]{subsection.3.3.7}{analysis.py}{section.3.3}% 37
\BOOKMARK [1][-]{section.3.4}{Experimental\040Model}{chapter.3}% 38
\BOOKMARK [2][-]{subsection.3.4.1}{General\040Approach}{section.3.4}% 39
\BOOKMARK [2][-]{subsection.3.4.2}{Construction\040of\040the\040Experimental\040Model}{section.3.4}% 40
\BOOKMARK [2][-]{subsection.3.4.3}{Operation\040of\040the\040Experimental\040model}{section.3.4}% 41
\BOOKMARK [1][-]{section.3.5}{Limitations}{chapter.3}% 42
\BOOKMARK [2][-]{subsection.3.5.1}{Simulations}{section.3.5}% 43
\BOOKMARK [2][-]{subsection.3.5.2}{Experimental\040Model}{section.3.5}% 44
\BOOKMARK [0][-]{chapter.4}{Results}{}% 45
\BOOKMARK [1][-]{section.4.1}{Simulations}{chapter.4}% 46
\BOOKMARK [2][-]{subsection.4.1.1}{Batch\0401}{section.4.1}% 47
\BOOKMARK [2][-]{subsection.4.1.2}{Batch\0402}{section.4.1}% 48
\BOOKMARK [2][-]{subsection.4.1.3}{Batch\0403}{section.4.1}% 49
\BOOKMARK [1][-]{section.4.2}{Experimental\040Model}{chapter.4}% 50
\BOOKMARK [0][-]{chapter.5}{Discussion}{}% 51
\BOOKMARK [1][-]{section.5.1}{Simulations}{chapter.5}% 52
\BOOKMARK [1][-]{section.5.2}{Experimental\040Model}{chapter.5}% 53
\BOOKMARK [1][-]{section.5.3}{Comparison\040to\040Existing\040Research}{chapter.5}% 54
\BOOKMARK [0][-]{chapter.6}{Future\040Directions}{}% 55
\BOOKMARK [1][-]{section.6.1}{Simulations}{chapter.6}% 56
\BOOKMARK [1][-]{section.6.2}{Experimental\040Model}{chapter.6}% 57
\BOOKMARK [0][-]{chapter.7}{Conclusion}{}% 58
\BOOKMARK [0][-]{appendix.A}{Equity\040Impact\040Report}{}% 59
\BOOKMARK [0][-]{appendix.A}{Code}{}% 60
\BOOKMARK [0][-]{appendix.A}{Glossary}{}% 61
\BOOKMARK [0][-]{appendix.A}{Bibliography}{}% 62
